[2024-03-10 22:41:52.052] [MineLog] [info] [/home/lin/Projects/super-vio/test/offline_node.cpp:64:64] Start
[2024-03-10 22:41:52.165] [MineLog] [info] [/home/lin/Projects/super-vio/src/extractor/extractor.cpp:7:7] Extractor is being constructed, threads_num: 6, point_num: 200
[2024-03-10 22:41:52.165] [MineLog] [info] [/home/lin/Projects/super-vio/src/extractor/extractor.cpp:17:17] Initializing extractor ort env
[2024-03-10 22:41:52.165] [MineLog] [info] [/home/lin/Projects/super-vio/src/extractor/extractor.cpp:31:31] Using 6 threads, with graph optimization level 99
[2024-03-10 22:41:52.165] [MineLog] [info] [/home/lin/Projects/super-vio/src/extractor/extractor.cpp:35:35] Using CUDA for extractor
[2024-03-10 22:41:52.295] [MineLog] [info] [/home/lin/Projects/super-vio/src/extractor/extractor.cpp:50:50] Loading extractor model from /home/lin/Projects/super-vio/models/superpoint.onnx
[2024-03-10 22:41:52.774] [MineLog] [info] [/home/lin/Projects/super-vio/src/extractor/extractor.cpp:54:54] Extractor model loaded
[2024-03-10 22:41:52.774] [MineLog] [info] [/home/lin/Projects/super-vio/include/base_onnx_runner.h:74:74] num_nodes: 1
[2024-03-10 22:41:52.774] [MineLog] [info] [/home/lin/Projects/super-vio/include/base_onnx_runner.h:80:80] extractor node name: image
[2024-03-10 22:41:52.774] [MineLog] [info] [/home/lin/Projects/super-vio/include/base_onnx_runner.h:74:74] num_nodes: 3
[2024-03-10 22:41:52.774] [MineLog] [info] [/home/lin/Projects/super-vio/include/base_onnx_runner.h:80:80] extractor node name: keypoints
[2024-03-10 22:41:52.774] [MineLog] [info] [/home/lin/Projects/super-vio/include/base_onnx_runner.h:80:80] extractor node name: scores
[2024-03-10 22:41:52.774] [MineLog] [info] [/home/lin/Projects/super-vio/include/base_onnx_runner.h:80:80] extractor node name: descriptors
[2024-03-10 22:41:52.774] [MineLog] [info] [/home/lin/Projects/super-vio/src/extractor/extractor.cpp:58:58] Extractor ort env initialized
[2024-03-10 22:41:52.774] [MineLog] [info] [/home/lin/Projects/super-vio/src/extractor/extractor.cpp:7:7] Extractor is being constructed, threads_num: 6, point_num: 200
[2024-03-10 22:41:52.774] [MineLog] [info] [/home/lin/Projects/super-vio/src/extractor/extractor.cpp:17:17] Initializing extractor ort env
[2024-03-10 22:41:52.774] [MineLog] [info] [/home/lin/Projects/super-vio/src/extractor/extractor.cpp:31:31] Using 6 threads, with graph optimization level 99
[2024-03-10 22:41:52.774] [MineLog] [info] [/home/lin/Projects/super-vio/src/extractor/extractor.cpp:35:35] Using CUDA for extractor
[2024-03-10 22:41:52.774] [MineLog] [info] [/home/lin/Projects/super-vio/src/extractor/extractor.cpp:50:50] Loading extractor model from /home/lin/Projects/super-vio/models/superpoint.onnx
[2024-03-10 22:41:52.828] [MineLog] [info] [/home/lin/Projects/super-vio/src/extractor/extractor.cpp:54:54] Extractor model loaded
[2024-03-10 22:41:52.828] [MineLog] [info] [/home/lin/Projects/super-vio/include/base_onnx_runner.h:74:74] num_nodes: 1
[2024-03-10 22:41:52.828] [MineLog] [info] [/home/lin/Projects/super-vio/include/base_onnx_runner.h:80:80] extractor node name: image
[2024-03-10 22:41:52.828] [MineLog] [info] [/home/lin/Projects/super-vio/include/base_onnx_runner.h:74:74] num_nodes: 3
[2024-03-10 22:41:52.828] [MineLog] [info] [/home/lin/Projects/super-vio/include/base_onnx_runner.h:80:80] extractor node name: keypoints
[2024-03-10 22:41:52.828] [MineLog] [info] [/home/lin/Projects/super-vio/include/base_onnx_runner.h:80:80] extractor node name: scores
[2024-03-10 22:41:52.828] [MineLog] [info] [/home/lin/Projects/super-vio/include/base_onnx_runner.h:80:80] extractor node name: descriptors
[2024-03-10 22:41:52.828] [MineLog] [info] [/home/lin/Projects/super-vio/src/extractor/extractor.cpp:58:58] Extractor ort env initialized
[2024-03-10 22:41:52.828] [MineLog] [info] [/home/lin/Projects/super-vio/src/matcher/matcher.cpp:19:19] Matcher is being created
[2024-03-10 22:41:52.828] [MineLog] [info] [/home/lin/Projects/super-vio/src/matcher/matcher.cpp:41:41] Initializing matcher ort env
[2024-03-10 22:41:52.828] [MineLog] [info] [/home/lin/Projects/super-vio/src/matcher/matcher.cpp:55:55] Using 0 threads, with graph optimization level 99
[2024-03-10 22:41:52.828] [MineLog] [info] [/home/lin/Projects/super-vio/src/matcher/matcher.cpp:59:59] Using CUDA for matcher
[2024-03-10 22:41:52.828] [MineLog] [info] [/home/lin/Projects/super-vio/src/matcher/matcher.cpp:74:74] Loading matcher model from /home/lin/Projects/super-vio/models/superpoint_lightglue_fused_fp16.onnx
[2024-03-10 22:41:53.054] [MineLog] [info] [/home/lin/Projects/super-vio/src/matcher/matcher.cpp:78:78] Matcher model loaded
[2024-03-10 22:41:53.054] [MineLog] [info] [/home/lin/Projects/super-vio/include/base_onnx_runner.h:74:74] num_nodes: 4
[2024-03-10 22:41:53.054] [MineLog] [info] [/home/lin/Projects/super-vio/include/base_onnx_runner.h:80:80] extractor node name: kpts0
[2024-03-10 22:41:53.054] [MineLog] [info] [/home/lin/Projects/super-vio/include/base_onnx_runner.h:80:80] extractor node name: kpts1
[2024-03-10 22:41:53.054] [MineLog] [info] [/home/lin/Projects/super-vio/include/base_onnx_runner.h:80:80] extractor node name: desc0
[2024-03-10 22:41:53.054] [MineLog] [info] [/home/lin/Projects/super-vio/include/base_onnx_runner.h:80:80] extractor node name: desc1
[2024-03-10 22:41:53.054] [MineLog] [info] [/home/lin/Projects/super-vio/include/base_onnx_runner.h:74:74] num_nodes: 2
[2024-03-10 22:41:53.054] [MineLog] [info] [/home/lin/Projects/super-vio/include/base_onnx_runner.h:80:80] extractor node name: matches0
[2024-03-10 22:41:53.054] [MineLog] [info] [/home/lin/Projects/super-vio/include/base_onnx_runner.h:80:80] extractor node name: mscores0
[2024-03-10 22:41:53.054] [MineLog] [info] [/home/lin/Projects/super-vio/src/matcher/matcher.cpp:82:82] Matcher ort env initialized
[2024-03-10 22:41:53.054] [MineLog] [info] [/home/lin/Projects/super-vio/test/offline_node.cpp:105:105] processing image /home/lin/Projects/super-vio/data/left/0.png / /home/lin/Projects/super-vio/data/right/0.png
[2024-03-10 22:41:53.054] [MineLog] [info] [/home/lin/Projects/super-vio/src/extractor/extractor.cpp:543:543] **** Inferencing image ****
[2024-03-10 22:41:53.054] [MineLog] [info] [/home/lin/Projects/super-vio/src/extractor/extractor.cpp:71:71] Preprocessing image
[2024-03-10 22:41:53.054] [MineLog] [info] [/home/lin/Projects/super-vio/src/extractor/extractor.cpp:543:543] **** Inferencing image ****
[2024-03-10 22:41:53.054] [MineLog] [info] [/home/lin/Projects/super-vio/src/extractor/extractor.cpp:71:71] Preprocessing image
[2024-03-10 22:41:53.054] [MineLog] [info] [/home/lin/Projects/super-vio/src/extractor/extractor.cpp:75:75] image_in size: [1280, 720]
[2024-03-10 22:41:53.054] [MineLog] [info] [/home/lin/Projects/super-vio/src/extractor/extractor.cpp:75:75] image_in size: [1280, 720]
[2024-03-10 22:41:53.056] [MineLog] [info] [/home/lin/Projects/super-vio/src/extractor/extractor.cpp:80:80] image_out size: [512, 288], scale from 1.0 to 0.4
[2024-03-10 22:41:53.056] [MineLog] [info] [/home/lin/Projects/super-vio/src/extractor/extractor.cpp:90:90] Inferencing image
[2024-03-10 22:41:53.085] [MineLog] [info] [/home/lin/Projects/super-vio/src/extractor/extractor.cpp:80:80] image_out size: [512, 288], scale from 1.0 to 0.4
[2024-03-10 22:41:53.085] [MineLog] [info] [/home/lin/Projects/super-vio/src/extractor/extractor.cpp:90:90] Inferencing image
[2024-03-10 22:41:53.911] [MineLog] [info] [/home/lin/Projects/super-vio/src/extractor/extractor.cpp:107:107] inference extractor time consumed: 853.799534
[2024-03-10 22:41:53.911] [MineLog] [info] [/home/lin/Projects/super-vio/src/extractor/extractor.cpp:139:139] Transforming tensor to key points
[2024-03-10 22:41:53.911] [MineLog] [info] [/home/lin/Projects/super-vio/src/extractor/extractor.cpp:146:146] key points shape: [1, 458, 2], size: 3
[2024-03-10 22:41:53.911] [MineLog] [info] [/home/lin/Projects/super-vio/src/extractor/extractor.cpp:158:158] score shape: [1, 458], size: 2
[2024-03-10 22:41:53.911] [MineLog] [info] [/home/lin/Projects/super-vio/src/extractor/extractor.cpp:169:169] descriptor shape: [1, 458, 256], size: 3
[2024-03-10 22:41